# JRE version: Java(TM) SE Runtime Environment (8.0_101-b13) (build 1.8.0_101-b13)
# Java VM: Java HotSpot(TM) 64-Bit Server VM (25.101-b13 mixed mode windows-amd64 compressed oops)
Heap:
 PSYoungGen      total 113152K, used 38607K [0x000000076af80000, 0x0000000773700000, 0x00000007c0000000)
  eden space 110080K, 32% used [0x000000076af80000,0x000000076d28ab08,0x0000000771b00000)
  from space 3072K, 88% used [0x0000000772880000,0x0000000772b29160,0x0000000772b80000)
  to   space 10240K, 0% used [0x0000000772d00000,0x0000000772d00000,0x0000000773700000)
 ParOldGen       total 135680K, used 92903K [0x00000006c0e00000, 0x00000006c9280000, 0x000000076af80000)
  object space 135680K, 68% used [0x00000006c0e00000,0x00000006c68b9ee8,0x00000006c9280000)
 Metaspace       used 68358K, capacity 70894K, committed 70912K, reserved 1112064K
  class space    used 8523K, capacity 9200K, committed 9216K, reserved 1048576K
GC Heap History (10 events):
Event: 3896.734 GC heap before
{Heap before GC invocations=129 (full 14):
 PSYoungGen      total 134144K, used 127538K [0x000000076af80000, 0x0000000774a80000, 0x00000007c0000000)
  eden space 122368K, 100% used [0x000000076af80000,0x0000000772700000,0x0000000772700000)
  from space 11776K, 43% used [0x0000000773200000,0x000000077370cb90,0x0000000773d80000)
  to   space 11264K, 0% used [0x0000000772700000,0x0000000772700000,0x0000000773200000)
 ParOldGen       total 135680K, used 79696K [0x00000006c0e00000, 0x00000006c9280000, 0x000000076af80000)
  object space 135680K, 58% used [0x00000006c0e00000,0x00000006c5bd4238,0x00000006c9280000)
 Metaspace       used 67847K, capacity 70230K, committed 70400K, reserved 1110016K
  class space    used 8462K, capacity 9104K, committed 9216K, reserved 1048576K
Event: 3896.738 GC heap after
Heap after GC invocations=129 (full 14):
 PSYoungGen      total 133632K, used 4754K [0x000000076af80000, 0x0000000774a80000, 0x00000007c0000000)
  eden space 122368K, 0% used [0x000000076af80000,0x000000076af80000,0x0000000772700000)
  from space 11264K, 42% used [0x0000000772700000,0x0000000772ba4960,0x0000000773200000)
  to   space 10752K, 0% used [0x0000000774000000,0x0000000774000000,0x0000000774a80000)
 ParOldGen       total 135680K, used 81656K [0x00000006c0e00000, 0x00000006c9280000, 0x000000076af80000)
  object space 135680K, 60% used [0x00000006c0e00000,0x00000006c5dbe248,0x00000006c9280000)
 Metaspace       used 67847K, capacity 70230K, committed 70400K, reserved 1110016K
  class space    used 8462K, capacity 9104K, committed 9216K, reserved 1048576K
}
Event: 3902.220 GC heap before
{Heap before GC invocations=130 (full 14):
 PSYoungGen      total 133632K, used 127122K [0x000000076af80000, 0x0000000774a80000, 0x00000007c0000000)
  eden space 122368K, 100% used [0x000000076af80000,0x0000000772700000,0x0000000772700000)
  from space 11264K, 42% used [0x0000000772700000,0x0000000772ba4960,0x0000000773200000)
  to   space 10752K, 0% used [0x0000000774000000,0x0000000774000000,0x0000000774a80000)
 ParOldGen       total 135680K, used 81656K [0x00000006c0e00000, 0x00000006c9280000, 0x000000076af80000)
  object space 135680K, 60% used [0x00000006c0e00000,0x00000006c5dbe248,0x00000006c9280000)
 Metaspace       used 68011K, capacity 70370K, committed 70656K, reserved 1110016K
  class space    used 8476K, capacity 9106K, committed 9216K, reserved 1048576K
Event: 3902.224 GC heap after
Heap after GC invocations=130 (full 14):
 PSYoungGen      total 122368K, used 2771K [0x000000076af80000, 0x0000000774300000, 0x00000007c0000000)
  eden space 119296K, 0% used [0x000000076af80000,0x000000076af80000,0x0000000772400000)
  from space 3072K, 90% used [0x0000000774000000,0x00000007742b4ca8,0x0000000774300000)
  to   space 10752K, 0% used [0x0000000772e00000,0x0000000772e00000,0x0000000773880000)
 ParOldGen       total 135680K, used 83895K [0x00000006c0e00000, 0x00000006c9280000, 0x000000076af80000)
  object space 135680K, 61% used [0x00000006c0e00000,0x00000006c5fedc60,0x00000006c9280000)
 Metaspace       used 68011K, capacity 70370K, committed 70656K, reserved 1110016K
  class space    used 8476K, capacity 9106K, committed 9216K, reserved 1048576K
}
Event: 3902.986 GC heap before
{Heap before GC invocations=131 (full 14):
 PSYoungGen      total 122368K, used 122067K [0x000000076af80000, 0x0000000774300000, 0x00000007c0000000)
  eden space 119296K, 100% used [0x000000076af80000,0x0000000772400000,0x0000000772400000)
  from space 3072K, 90% used [0x0000000774000000,0x00000007742b4ca8,0x0000000774300000)
  to   space 10752K, 0% used [0x0000000772e00000,0x0000000772e00000,0x0000000773880000)
 ParOldGen       total 135680K, used 83895K [0x00000006c0e00000, 0x00000006c9280000, 0x000000076af80000)
  object space 135680K, 61% used [0x00000006c0e00000,0x00000006c5fedc60,0x00000006c9280000)
 Metaspace       used 68128K, capacity 70472K, committed 70656K, reserved 1110016K
  class space    used 8486K, capacity 9139K, committed 9216K, reserved 1048576K
Event: 3902.990 GC heap after
Heap after GC invocations=131 (full 14):
 PSYoungGen      total 119296K, used 2997K [0x000000076af80000, 0x0000000774080000, 0x00000007c0000000)
  eden space 116224K, 0% used [0x000000076af80000,0x000000076af80000,0x0000000772100000)
  from space 3072K, 97% used [0x0000000772e00000,0x00000007730ed488,0x0000000773100000)
  to   space 10240K, 0% used [0x0000000773680000,0x0000000773680000,0x0000000774080000)
 ParOldGen       total 135680K, used 86026K [0x00000006c0e00000, 0x00000006c9280000, 0x000000076af80000)
  object space 135680K, 63% used [0x00000006c0e00000,0x00000006c6202a68,0x00000006c9280000)
 Metaspace       used 68128K, capacity 70472K, committed 70656K, reserved 1110016K
  class space    used 8486K, capacity 9139K, committed 9216K, reserved 1048576K
}
Event: 3903.683 GC heap before
{Heap before GC invocations=132 (full 14):
 PSYoungGen      total 119296K, used 119221K [0x000000076af80000, 0x0000000774080000, 0x00000007c0000000)
  eden space 116224K, 100% used [0x000000076af80000,0x0000000772100000,0x0000000772100000)
  from space 3072K, 97% used [0x0000000772e00000,0x00000007730ed488,0x0000000773100000)
  to   space 10240K, 0% used [0x0000000773680000,0x0000000773680000,0x0000000774080000)
 ParOldGen       total 135680K, used 86026K [0x00000006c0e00000, 0x00000006c9280000, 0x000000076af80000)
  object space 135680K, 63% used [0x00000006c0e00000,0x00000006c6202a68,0x00000006c9280000)
 Metaspace       used 68150K, capacity 70536K, committed 70656K, reserved 1110016K
  class space    used 8487K, capacity 9139K, committed 9216K, reserved 1048576K
Event: 3903.688 GC heap after
Heap after GC invocations=132 (full 14):
 PSYoungGen      total 119296K, used 6130K [0x000000076af80000, 0x0000000773c80000, 0x00000007c0000000)
  eden space 113152K, 0% used [0x000000076af80000,0x000000076af80000,0x0000000771e00000)
  from space 6144K, 99% used [0x0000000773680000,0x0000000773c7cba8,0x0000000773c80000)
  to   space 10240K, 0% used [0x0000000772880000,0x0000000772880000,0x0000000773280000)
 ParOldGen       total 135680K, used 88391K [0x00000006c0e00000, 0x00000006c9280000, 0x000000076af80000)
  object space 135680K, 65% used [0x00000006c0e00000,0x00000006c6451e78,0x00000006c9280000)
 Metaspace       used 68150K, capacity 70536K, committed 70656K, reserved 1110016K
  class space    used 8487K, capacity 9139K, committed 9216K, reserved 1048576K
}
Event: 3909.730 GC heap before
{Heap before GC invocations=133 (full 14):
 PSYoungGen      total 119296K, used 119282K [0x000000076af80000, 0x0000000773c80000, 0x00000007c0000000)
  eden space 113152K, 100% used [0x000000076af80000,0x0000000771e00000,0x0000000771e00000)
  from space 6144K, 99% used [0x0000000773680000,0x0000000773c7cba8,0x0000000773c80000)
  to   space 10240K, 0% used [0x0000000772880000,0x0000000772880000,0x0000000773280000)
 ParOldGen       total 135680K, used 88391K [0x00000006c0e00000, 0x00000006c9280000, 0x000000076af80000)
  object space 135680K, 65% used [0x00000006c0e00000,0x00000006c6451e78,0x00000006c9280000)
 Metaspace       used 68166K, capacity 70536K, committed 70656K, reserved 1110016K
  class space    used 8489K, capacity 9139K, committed 9216K, reserved 1048576K
Event: 3909.735 GC heap after
Heap after GC invocations=133 (full 14):
 PSYoungGen      total 113152K, used 2724K [0x000000076af80000, 0x0000000773700000, 0x00000007c0000000)
  eden space 110080K, 0% used [0x000000076af80000,0x000000076af80000,0x0000000771b00000)
  from space 3072K, 88% used [0x0000000772880000,0x0000000772b29160,0x0000000772b80000)
  to   space 10240K, 0% used [0x0000000772d00000,0x0000000772d00000,0x0000000773700000)
 ParOldGen       total 135680K, used 92903K [0x00000006c0e00000, 0x00000006c9280000, 0x000000076af80000)
  object space 135680K, 68% used [0x00000006c0e00000,0x00000006c68b9ee8,0x00000006c9280000)
 Metaspace       used 68166K, capacity 70536K, committed 70656K, reserved 1110016K
  class space    used 8489K, capacity 9139K, committed 9216K, reserved 1048576K
}

